0 info it worked if it ends with ok
1 verbose cli [ '/usr/bin/node',
1 verbose cli   '/usr/bin/npm',
1 verbose cli   'install',
1 verbose cli   'common-erros',
1 verbose cli   '--save' ]
2 info using npm@1.4.28
3 info using node@v0.10.38
4 verbose node symlink /usr/bin/node
5 warn package.json todoApp@0.0.1 No description
6 warn package.json todoApp@0.0.1 No repository field.
7 warn package.json todoApp@0.0.1 No README data
8 verbose readDependencies using package.json deps
9 verbose cache add [ 'common-erros', null ]
10 verbose cache add name=undefined spec="common-erros" args=["common-erros",null]
11 verbose parsed url { protocol: null,
11 verbose parsed url   slashes: null,
11 verbose parsed url   auth: null,
11 verbose parsed url   host: null,
11 verbose parsed url   port: null,
11 verbose parsed url   hostname: null,
11 verbose parsed url   hash: null,
11 verbose parsed url   search: null,
11 verbose parsed url   query: null,
11 verbose parsed url   pathname: 'common-erros',
11 verbose parsed url   path: 'common-erros',
11 verbose parsed url   href: 'common-erros' }
12 silly lockFile 36fad3a3-common-erros common-erros
13 verbose lock common-erros /home/julio/.npm/36fad3a3-common-erros.lock
14 silly lockFile 36fad3a3-common-erros common-erros
15 silly lockFile 36fad3a3-common-erros common-erros
16 verbose addNamed [ 'common-erros', '' ]
17 verbose addNamed [ null, '*' ]
18 silly lockFile 79d9bfae-common-erros common-erros@
19 verbose lock common-erros@ /home/julio/.npm/79d9bfae-common-erros.lock
20 silly addNameRange { name: 'common-erros', range: '*', hasData: false }
21 verbose request where is /common-erros
22 verbose request registry https://registry.npmjs.org/
23 verbose request id f6decaddeeef096a
24 verbose url raw /common-erros
25 verbose url resolving [ 'https://registry.npmjs.org/', './common-erros' ]
26 verbose url resolved https://registry.npmjs.org/common-erros
27 verbose request where is https://registry.npmjs.org/common-erros
28 info trying registry request attempt 1 at 18:18:48
29 http GET https://registry.npmjs.org/common-erros
30 http 404 https://registry.npmjs.org/common-erros
31 verbose headers { server: 'CouchDB/1.5.0 (Erlang OTP/R16B03)',
31 verbose headers   'content-type': 'application/json',
31 verbose headers   'cache-control': 'max-age=0',
31 verbose headers   'content-length': '51',
31 verbose headers   'accept-ranges': 'bytes',
31 verbose headers   date: 'Fri, 08 May 2015 21:18:49 GMT',
31 verbose headers   via: '1.1 varnish',
31 verbose headers   age: '0',
31 verbose headers   connection: 'keep-alive',
31 verbose headers   'x-served-by': 'cache-iad2132-IAD',
31 verbose headers   'x-cache': 'MISS',
31 verbose headers   'x-cache-hits': '0',
31 verbose headers   'x-timer': 'S1431119929.394581,VS0,VE355' }
32 silly registry.get cb [ 404,
32 silly registry.get   { server: 'CouchDB/1.5.0 (Erlang OTP/R16B03)',
32 silly registry.get     'content-type': 'application/json',
32 silly registry.get     'cache-control': 'max-age=0',
32 silly registry.get     'content-length': '51',
32 silly registry.get     'accept-ranges': 'bytes',
32 silly registry.get     date: 'Fri, 08 May 2015 21:18:49 GMT',
32 silly registry.get     via: '1.1 varnish',
32 silly registry.get     age: '0',
32 silly registry.get     connection: 'keep-alive',
32 silly registry.get     'x-served-by': 'cache-iad2132-IAD',
32 silly registry.get     'x-cache': 'MISS',
32 silly registry.get     'x-cache-hits': '0',
32 silly registry.get     'x-timer': 'S1431119929.394581,VS0,VE355' } ]
33 silly lockFile 79d9bfae-common-erros common-erros@
34 silly lockFile 79d9bfae-common-erros common-erros@
35 error 404 404 Not Found: common-erros
35 error 404
35 error 404 'common-erros' is not in the npm registry.
35 error 404 You should bug the author to publish it
35 error 404 It was specified as a dependency of 'todoApp'
35 error 404
35 error 404 Note that you can also install from a
35 error 404 tarball, folder, or http url, or git url.
36 error System Linux 3.13.0-52-generic
37 error command "/usr/bin/node" "/usr/bin/npm" "install" "common-erros" "--save"
38 error cwd /home/julio/projetos/todoApp
39 error node -v v0.10.38
40 error npm -v 1.4.28
41 error code E404
42 verbose exit [ 1, true ]
